build/app/intermediates/manifest_merge_blame_file/release/manifest-merger-blame-release-report.txt
1<?xml version="1.0" encoding="utf-8"?>
2<manifest xmlns:android="http://schemas.android.com/apk/res/android"
3    package="vn.onlineoffice.www.oomessenger"
4    android:versionCode="134"
5    android:versionName="3.0.1.4" >
6
7    <uses-sdk
8        android:minSdkVersion="21"
8-->src\main\AndroidManifest.xml
9        android:targetSdkVersion="31" />
9-->src\main\AndroidManifest.xml
10
11    <uses-permission android:name="android.permission.INTERNET" />
11-->src\main\AndroidManifest.xml:9:5-66
11-->src\main\AndroidManifest.xml:9:22-64
12    <uses-permission android:name="android.permission.READ_EXTERNAL_STORAGE" />
12-->src\main\AndroidManifest.xml:10:5-79
12-->src\main\AndroidManifest.xml:10:22-77
13    <uses-permission android:name="android.permission.WRITE_EXTERNAL_STORAGE" />
13-->src\main\AndroidManifest.xml:11:5-80
13-->src\main\AndroidManifest.xml:11:22-78
14    <uses-permission android:name="android.permission.CAMERA" />
14-->src\main\AndroidManifest.xml:12:5-64
14-->src\main\AndroidManifest.xml:12:22-62
15    <uses-permission android:name="android.permission.FOREGROUND_SERVICE" />
15-->src\main\AndroidManifest.xml:13:5-77
15-->src\main\AndroidManifest.xml:13:22-74
16    <uses-permission android:name="com.android.launcher.permission.READ_SETTINGS" />
16-->src\main\AndroidManifest.xml:15:2-82
16-->src\main\AndroidManifest.xml:15:19-79
17    <uses-permission android:name="com.android.launcher.permission.WRITE_SETTINGS" />
17-->src\main\AndroidManifest.xml:16:2-83
17-->src\main\AndroidManifest.xml:16:19-80
18
19    <!-- for Samsung -->
20    <uses-permission android:name="com.sec.android.provider.badge.permission.READ" />
20-->src\main\AndroidManifest.xml:19:2-83
20-->src\main\AndroidManifest.xml:19:19-80
21    <uses-permission android:name="com.sec.android.provider.badge.permission.WRITE" />
21-->src\main\AndroidManifest.xml:20:2-84
21-->src\main\AndroidManifest.xml:20:19-81
22
23    <!-- for htc -->
24    <uses-permission android:name="com.htc.launcher.permission.READ_SETTINGS" />
24-->src\main\AndroidManifest.xml:23:2-78
24-->src\main\AndroidManifest.xml:23:19-75
25    <uses-permission android:name="com.htc.launcher.permission.UPDATE_SHORTCUT" />
25-->src\main\AndroidManifest.xml:24:2-80
25-->src\main\AndroidManifest.xml:24:19-77
26
27    <!-- for sony -->
28    <uses-permission android:name="com.sonyericsson.home.permission.BROADCAST_BADGE" />
28-->src\main\AndroidManifest.xml:27:2-85
28-->src\main\AndroidManifest.xml:27:19-82
29    <uses-permission android:name="com.sonymobile.home.permission.PROVIDER_INSERT_BADGE" />
29-->src\main\AndroidManifest.xml:28:2-89
29-->src\main\AndroidManifest.xml:28:19-86
30
31    <!-- for apex -->
32    <uses-permission android:name="com.anddoes.launcher.permission.UPDATE_COUNT" />
32-->src\main\AndroidManifest.xml:31:2-81
32-->src\main\AndroidManifest.xml:31:19-78
33
34    <!-- for solid -->
35    <uses-permission android:name="com.majeur.launcher.permission.UPDATE_BADGE" />
35-->src\main\AndroidManifest.xml:34:2-80
35-->src\main\AndroidManifest.xml:34:19-77
36
37    <!-- for huawei -->
38    <uses-permission android:name="com.huawei.android.launcher.permission.CHANGE_BADGE" />
38-->src\main\AndroidManifest.xml:37:2-88
38-->src\main\AndroidManifest.xml:37:19-85
39    <uses-permission android:name="com.huawei.android.launcher.permission.READ_SETTINGS" />
39-->src\main\AndroidManifest.xml:38:2-89
39-->src\main\AndroidManifest.xml:38:19-86
40    <uses-permission android:name="com.huawei.android.launcher.permission.WRITE_SETTINGS" />
40-->src\main\AndroidManifest.xml:39:2-90
40-->src\main\AndroidManifest.xml:39:19-87
41
42    <!-- for ZUK -->
43    <uses-permission android:name="android.permission.READ_APP_BADGE" />
43-->src\main\AndroidManifest.xml:42:2-70
43-->src\main\AndroidManifest.xml:42:19-67
44
45    <!-- for OPPO -->
46    <uses-permission android:name="com.oppo.launcher.permission.READ_SETTINGS" />
46-->src\main\AndroidManifest.xml:45:2-79
46-->src\main\AndroidManifest.xml:45:19-76
47    <uses-permission android:name="com.oppo.launcher.permission.WRITE_SETTINGS" />
47-->src\main\AndroidManifest.xml:46:2-80
47-->src\main\AndroidManifest.xml:46:19-77
48
49    <!-- for EvMe -->
50    <uses-permission android:name="me.everything.badger.permission.BADGE_COUNT_READ" />
50-->src\main\AndroidManifest.xml:49:2-85
50-->src\main\AndroidManifest.xml:49:19-82
51    <uses-permission android:name="me.everything.badger.permission.BADGE_COUNT_WRITE" />
51-->src\main\AndroidManifest.xml:50:2-86
51-->src\main\AndroidManifest.xml:50:19-83
52
53    <meta-data
53-->src\main\AndroidManifest.xml:114:5-116:25
54        android:name="flutterEmbedding"
54-->src\main\AndroidManifest.xml:115:5-36
55        android:value="2" />
55-->src\main\AndroidManifest.xml:116:5-22
56
57    <uses-permission android:name="android.permission.WAKE_LOCK" />
57-->[:firebase_messaging] AndroidManifest.xml:8:5-68
57-->[:firebase_messaging] AndroidManifest.xml:8:22-65
58    <uses-permission android:name="android.permission.ACCESS_NETWORK_STATE" /> <!-- Permissions options for the `notification` group -->
58-->[:firebase_messaging] AndroidManifest.xml:9:5-79
58-->[:firebase_messaging] AndroidManifest.xml:9:22-76
59    <uses-permission android:name="android.permission.POST_NOTIFICATIONS" />
59-->[:firebase_messaging] AndroidManifest.xml:11:5-77
59-->[:firebase_messaging] AndroidManifest.xml:11:22-74
60
61    <queries>
61-->[:file_picker] AndroidManifest.xml:9:5-15:15
62        <intent>
62-->[:file_picker] AndroidManifest.xml:10:9-14:18
63            <action android:name="android.intent.action.GET_CONTENT" />
63-->[:file_picker] AndroidManifest.xml:11:13-72
63-->[:file_picker] AndroidManifest.xml:11:21-69
64
65            <data android:mimeType="*/*" />
65-->[:file_picker] AndroidManifest.xml:13:13-44
65-->[:file_picker] AndroidManifest.xml:13:19-41
66        </intent>
67        <intent>
67-->[androidx.media2:media2-session:1.2.0] AndroidManifest.xml:25:9-27:18
68            <action android:name="android.media.browse.MediaBrowserService" />
68-->[androidx.media2:media2-session:1.2.0] AndroidManifest.xml:26:13-79
68-->[androidx.media2:media2-session:1.2.0] AndroidManifest.xml:26:21-76
69        </intent>
70        <intent>
70-->[androidx.media2:media2-session:1.2.0] AndroidManifest.xml:28:9-30:18
71            <action android:name="androidx.media2.session.MediaSessionService" />
71-->[androidx.media2:media2-session:1.2.0] AndroidManifest.xml:29:13-82
71-->[androidx.media2:media2-session:1.2.0] AndroidManifest.xml:29:21-79
72        </intent>
73        <intent>
73-->[androidx.media2:media2-session:1.2.0] AndroidManifest.xml:31:9-33:18
74            <action android:name="androidx.media2.session.MediaLibraryService" />
74-->[androidx.media2:media2-session:1.2.0] AndroidManifest.xml:32:13-82
74-->[androidx.media2:media2-session:1.2.0] AndroidManifest.xml:32:21-79
75        </intent>
76    </queries>
77
78    <uses-permission android:name="android.permission.USE_BIOMETRIC" />
78-->[:local_auth_android] AndroidManifest.xml:9:5-72
78-->[:local_auth_android] AndroidManifest.xml:9:22-69
79    <uses-permission android:name="android.permission.RECEIVE_BOOT_COMPLETED" />
79-->[:flutter_local_notifications] AndroidManifest.xml:7:5-81
79-->[:flutter_local_notifications] AndroidManifest.xml:7:22-78
80    <uses-permission android:name="android.permission.VIBRATE" />
80-->[:flutter_local_notifications] AndroidManifest.xml:8:5-66
80-->[:flutter_local_notifications] AndroidManifest.xml:8:22-63
81    <uses-permission android:name="android.permission.USE_FULL_SCREEN_INTENT" />
81-->[:flutter_local_notifications] AndroidManifest.xml:9:5-81
81-->[:flutter_local_notifications] AndroidManifest.xml:9:22-78
82    <uses-permission android:name="android.permission.SCHEDULE_EXACT_ALARM" /> <!-- suppress DeprecatedClassUsageInspection -->
82-->[:flutter_local_notifications] AndroidManifest.xml:10:5-79
82-->[:flutter_local_notifications] AndroidManifest.xml:10:22-76
83    <uses-permission android:name="android.permission.USE_FINGERPRINT" /> <!-- Required by older versions of Google Play services to create IID tokens -->
83-->[androidx.biometric:biometric:1.1.0] AndroidManifest.xml:27:5-74
83-->[androidx.biometric:biometric:1.1.0] AndroidManifest.xml:27:22-71
84    <uses-permission android:name="com.google.android.c2dm.permission.RECEIVE" />
84-->[com.google.firebase:firebase-iid:21.1.0] AndroidManifest.xml:26:5-82
84-->[com.google.firebase:firebase-iid:21.1.0] AndroidManifest.xml:26:22-79
85    <uses-permission android:name="com.google.android.gms.permission.AD_ID" />
85-->[com.google.android.gms:play-services-measurement-api:21.2.0] AndroidManifest.xml:25:5-79
85-->[com.google.android.gms:play-services-measurement-api:21.2.0] AndroidManifest.xml:25:22-76
86    <uses-permission android:name="com.google.android.finsky.permission.BIND_GET_INSTALL_REFERRER_SERVICE" />
86-->[com.google.android.gms:play-services-measurement:21.2.0] AndroidManifest.xml:26:5-110
86-->[com.google.android.gms:play-services-measurement:21.2.0] AndroidManifest.xml:26:22-107
87    <!--
88 io.flutter.app.FlutterApplication is an android.app.Application that
89         calls FlutterMain.startInitialization(this); in its onCreate method.
90         In most cases you can leave this as-is, but you if you want to provide
91         additional functionality it is fine to subclass or reimplement
92         FlutterApplication and put your custom class here.
93    -->
94    <application
94-->src\main\AndroidManifest.xml:57:5-113:19
95        android:appComponentFactory="androidx.core.app.CoreComponentFactory"
95-->[androidx.core:core:1.8.0] AndroidManifest.xml:24:18-86
96        android:hardwareAccelerated="true"
96-->src\main\AndroidManifest.xml:61:9-43
97        android:icon="@mipmap/ic_launcher"
97-->src\main\AndroidManifest.xml:59:9-43
98        android:label="Online Office"
98-->src\main\AndroidManifest.xml:58:9-38
99        android:requestLegacyExternalStorage="true"
99-->src\main\AndroidManifest.xml:60:3-46
100        android:usesCleartextTraffic="true" >
100-->src\main\AndroidManifest.xml:62:9-44
101        <activity
101-->src\main\AndroidManifest.xml:65:9-90:20
102            android:name="vn.onlineoffice.www.oomessenger.MainActivity"
102-->src\main\AndroidManifest.xml:66:13-41
103            android:configChanges="orientation|keyboardHidden|keyboard|screenSize|smallestScreenSize|locale|layoutDirection|fontScale|screenLayout|density|uiMode"
103-->src\main\AndroidManifest.xml:69:13-163
104            android:exported="true"
104-->src\main\AndroidManifest.xml:73:13-36
105            android:launchMode="singleTop"
105-->src\main\AndroidManifest.xml:67:13-43
106            android:showWhenLocked="true"
106-->src\main\AndroidManifest.xml:71:13-42
107            android:theme="@style/LaunchTheme"
107-->src\main\AndroidManifest.xml:68:13-47
108            android:turnScreenOn="true"
108-->src\main\AndroidManifest.xml:72:13-40
109            android:windowSoftInputMode="adjustResize" >
109-->src\main\AndroidManifest.xml:70:13-55
110
111            <!--
112                 This keeps the window background of the activity showing
113                 until Flutter renders its first frame. It can be removed if
114                 there is no splash screen (such as the default splash screen
115                 defined in @style/LaunchTheme).
116            -->
117
118            <intent-filter>
118-->src\main\AndroidManifest.xml:79:13-82:29
119                <action android:name="android.intent.action.MAIN" />
119-->src\main\AndroidManifest.xml:80:17-68
119-->src\main\AndroidManifest.xml:80:25-66
120
121                <category android:name="android.intent.category.LAUNCHER" />
121-->src\main\AndroidManifest.xml:81:17-76
121-->src\main\AndroidManifest.xml:81:27-74
122            </intent-filter>
123            <intent-filter>
123-->src\main\AndroidManifest.xml:83:4-86:20
124                <action android:name="FLUTTER_NOTIFICATION_CLICK" />
124-->src\main\AndroidManifest.xml:84:5-57
124-->src\main\AndroidManifest.xml:84:13-54
125
126                <category android:name="android.intent.category.DEFAULT" />
126-->src\main\AndroidManifest.xml:85:5-64
126-->src\main\AndroidManifest.xml:85:15-61
127            </intent-filter>
128        </activity>
129        <activity
129-->src\main\AndroidManifest.xml:91:9-92:63
130            android:name="com.flutter_webview_plugin.WebviewActivity"
130-->src\main\AndroidManifest.xml:91:19-76
131            android:parentActivityName="vn.onlineoffice.www.oomessenger.MainActivity" />
131-->src\main\AndroidManifest.xml:92:19-61
132
133        <provider
133-->src\main\AndroidManifest.xml:94:9-104:20
134            android:name="androidx.core.content.FileProvider"
134-->src\main\AndroidManifest.xml:95:13-62
135            android:authorities="vn.onlineoffice.www.oomessenger.fileProvider"
135-->src\main\AndroidManifest.xml:96:13-79
136            android:exported="false"
136-->src\main\AndroidManifest.xml:97:13-37
137            android:grantUriPermissions="true" >
137-->src\main\AndroidManifest.xml:98:13-47
138            <meta-data
138-->src\main\AndroidManifest.xml:100:13-103:52
139                android:name="android.support.FILE_PROVIDER_PATHS"
139-->src\main\AndroidManifest.xml:101:17-67
140                android:resource="@xml/file_paths" />
140-->src\main\AndroidManifest.xml:102:17-51
141        </provider>
142
143        <!--
144             If you want your foreground service to be stopped if
145             your app is stopped, set android:stopWithTask to true.
146             See https://developer.android.com/reference/android/R.attr#stopWithTask
147        -->
148        <service
148-->src\main\AndroidManifest.xml:109:9-112:43
149            android:name="com.dexterous.flutterlocalnotifications.ForegroundService"
149-->src\main\AndroidManifest.xml:110:13-85
150            android:exported="false"
150-->src\main\AndroidManifest.xml:111:13-37
151            android:stopWithTask="false" />
151-->src\main\AndroidManifest.xml:112:13-41
152
153        <provider
153-->[:esys_flutter_share_plus] AndroidManifest.xml:8:9-16:20
154            android:name="de.esys.esysfluttershare.EsysFlutterShareFileProvider"
154-->[:esys_flutter_share_plus] AndroidManifest.xml:9:13-81
155            android:authorities="vn.onlineoffice.www.oomessenger.fileprovider.github.com/orgs/esysberlin/esys-flutter-share"
155-->[:esys_flutter_share_plus] AndroidManifest.xml:10:13-110
156            android:exported="false"
156-->[:esys_flutter_share_plus] AndroidManifest.xml:11:13-37
157            android:grantUriPermissions="true" >
157-->[:esys_flutter_share_plus] AndroidManifest.xml:12:13-47
158            <meta-data
158-->src\main\AndroidManifest.xml:100:13-103:52
159                android:name="android.support.FILE_PROVIDER_PATHS"
159-->src\main\AndroidManifest.xml:101:17-67
160                android:resource="@xml/esys_flutter_share_filepaths" />
160-->src\main\AndroidManifest.xml:102:17-51
161        </provider>
162
163        <service
163-->[:firebase_messaging] AndroidManifest.xml:14:9-17:72
164            android:name="io.flutter.plugins.firebase.messaging.FlutterFirebaseMessagingBackgroundService"
164-->[:firebase_messaging] AndroidManifest.xml:15:13-107
165            android:exported="false"
165-->[:firebase_messaging] AndroidManifest.xml:16:13-37
166            android:permission="android.permission.BIND_JOB_SERVICE" />
166-->[:firebase_messaging] AndroidManifest.xml:17:13-69
167        <service
167-->[:firebase_messaging] AndroidManifest.xml:18:9-24:19
168            android:name="io.flutter.plugins.firebase.messaging.FlutterFirebaseMessagingService"
168-->[:firebase_messaging] AndroidManifest.xml:19:13-97
169            android:exported="false" >
169-->[:firebase_messaging] AndroidManifest.xml:20:13-37
170            <intent-filter>
170-->[:firebase_messaging] AndroidManifest.xml:21:13-23:29
171                <action android:name="com.google.firebase.MESSAGING_EVENT" />
171-->[:firebase_messaging] AndroidManifest.xml:22:17-78
171-->[:firebase_messaging] AndroidManifest.xml:22:25-75
172            </intent-filter>
173        </service>
174
175        <receiver
175-->[:firebase_messaging] AndroidManifest.xml:26:9-33:20
176            android:name="io.flutter.plugins.firebase.messaging.FlutterFirebaseMessagingReceiver"
176-->[:firebase_messaging] AndroidManifest.xml:27:13-98
177            android:exported="true"
177-->[:firebase_messaging] AndroidManifest.xml:28:13-36
178            android:permission="com.google.android.c2dm.permission.SEND" >
178-->[:firebase_messaging] AndroidManifest.xml:29:13-73
179            <intent-filter>
179-->[:firebase_messaging] AndroidManifest.xml:30:13-32:29
180                <action android:name="com.google.android.c2dm.intent.RECEIVE" />
180-->[:firebase_messaging] AndroidManifest.xml:31:17-81
180-->[:firebase_messaging] AndroidManifest.xml:31:25-78
181            </intent-filter>
182        </receiver>
183
184        <service
184-->[:firebase_messaging] AndroidManifest.xml:35:9-39:19
185            android:name="com.google.firebase.components.ComponentDiscoveryService"
185-->[:firebase_messaging] AndroidManifest.xml:35:18-89
186            android:directBootAware="true"
186-->[com.google.firebase:firebase-common:20.2.0] AndroidManifest.xml:34:13-43
187            android:exported="false" >
187-->[com.google.firebase:firebase-iid:21.1.0] AndroidManifest.xml:31:13-37
188            <meta-data
188-->[:firebase_messaging] AndroidManifest.xml:36:13-38:85
189                android:name="com.google.firebase.components:io.flutter.plugins.firebase.messaging.FlutterFirebaseAppRegistrar"
189-->[:firebase_messaging] AndroidManifest.xml:37:17-128
190                android:value="com.google.firebase.components.ComponentRegistrar" />
190-->[:firebase_messaging] AndroidManifest.xml:38:17-82
191            <meta-data
191-->[:firebase_core] AndroidManifest.xml:9:13-11:85
192                android:name="com.google.firebase.components:io.flutter.plugins.firebase.core.FlutterFirebaseCoreRegistrar"
192-->[:firebase_core] AndroidManifest.xml:10:17-124
193                android:value="com.google.firebase.components.ComponentRegistrar" />
193-->[:firebase_core] AndroidManifest.xml:11:17-82
194            <meta-data
194-->[com.google.firebase:firebase-iid:21.1.0] AndroidManifest.xml:32:13-34:85
195                android:name="com.google.firebase.components:com.google.firebase.iid.Registrar"
195-->[com.google.firebase:firebase-iid:21.1.0] AndroidManifest.xml:33:17-96
196                android:value="com.google.firebase.components.ComponentRegistrar" />
196-->[com.google.firebase:firebase-iid:21.1.0] AndroidManifest.xml:34:17-82
197            <meta-data
197-->[com.google.firebase:firebase-messaging:23.1.0] AndroidManifest.xml:55:13-57:85
198                android:name="com.google.firebase.components:com.google.firebase.messaging.FirebaseMessagingRegistrar"
198-->[com.google.firebase:firebase-messaging:23.1.0] AndroidManifest.xml:56:17-119
199                android:value="com.google.firebase.components.ComponentRegistrar" />
199-->[com.google.firebase:firebase-messaging:23.1.0] AndroidManifest.xml:57:17-82
200            <meta-data
200-->[com.google.android.gms:play-services-measurement-api:21.2.0] AndroidManifest.xml:31:13-33:85
201                android:name="com.google.firebase.components:com.google.firebase.analytics.connector.internal.AnalyticsConnectorRegistrar"
201-->[com.google.android.gms:play-services-measurement-api:21.2.0] AndroidManifest.xml:32:17-139
202                android:value="com.google.firebase.components.ComponentRegistrar" />
202-->[com.google.android.gms:play-services-measurement-api:21.2.0] AndroidManifest.xml:33:17-82
203            <meta-data
203-->[com.google.firebase:firebase-installations:17.1.0] AndroidManifest.xml:17:13-19:85
204                android:name="com.google.firebase.components:com.google.firebase.installations.FirebaseInstallationsRegistrar"
204-->[com.google.firebase:firebase-installations:17.1.0] AndroidManifest.xml:18:17-127
205                android:value="com.google.firebase.components.ComponentRegistrar" />
205-->[com.google.firebase:firebase-installations:17.1.0] AndroidManifest.xml:19:17-82
206            <meta-data
206-->[com.google.firebase:firebase-datatransport:18.1.7] AndroidManifest.xml:27:13-29:85
207                android:name="com.google.firebase.components:com.google.firebase.datatransport.TransportRegistrar"
207-->[com.google.firebase:firebase-datatransport:18.1.7] AndroidManifest.xml:28:17-115
208                android:value="com.google.firebase.components.ComponentRegistrar" />
208-->[com.google.firebase:firebase-datatransport:18.1.7] AndroidManifest.xml:29:17-82
209        </service>
210
211        <provider
211-->[:firebase_messaging] AndroidManifest.xml:41:9-45:38
212            android:name="io.flutter.plugins.firebase.messaging.FlutterFirebaseMessagingInitProvider"
212-->[:firebase_messaging] AndroidManifest.xml:42:13-102
213            android:authorities="vn.onlineoffice.www.oomessenger.flutterfirebasemessaginginitprovider"
213-->[:firebase_messaging] AndroidManifest.xml:43:13-88
214            android:exported="false"
214-->[:firebase_messaging] AndroidManifest.xml:44:13-37
215            android:initOrder="99" />
215-->[:firebase_messaging] AndroidManifest.xml:45:13-35
216        <provider
216-->[:image_picker_android] AndroidManifest.xml:8:9-16:20
217            android:name="io.flutter.plugins.imagepicker.ImagePickerFileProvider"
217-->[:image_picker_android] AndroidManifest.xml:9:13-82
218            android:authorities="vn.onlineoffice.www.oomessenger.flutter.image_provider"
218-->[:image_picker_android] AndroidManifest.xml:10:13-74
219            android:exported="false"
219-->[:image_picker_android] AndroidManifest.xml:11:13-37
220            android:grantUriPermissions="true" >
220-->[:image_picker_android] AndroidManifest.xml:12:13-47
221            <meta-data
221-->src\main\AndroidManifest.xml:100:13-103:52
222                android:name="android.support.FILE_PROVIDER_PATHS"
222-->src\main\AndroidManifest.xml:101:17-67
223                android:resource="@xml/flutter_image_picker_file_paths" />
223-->src\main\AndroidManifest.xml:102:17-51
224        </provider>
225
226        <receiver
226-->[:flutter_local_notifications] AndroidManifest.xml:14:9-16:40
227            android:name="com.dexterous.flutterlocalnotifications.ActionBroadcastReceiver"
227-->[:flutter_local_notifications] AndroidManifest.xml:15:13-91
228            android:exported="false" />
228-->[:flutter_local_notifications] AndroidManifest.xml:16:13-37
229        <receiver
229-->[:flutter_local_notifications] AndroidManifest.xml:17:9-19:40
230            android:name="com.dexterous.flutterlocalnotifications.ScheduledNotificationReceiver"
230-->[:flutter_local_notifications] AndroidManifest.xml:18:13-97
231            android:exported="false" />
231-->[:flutter_local_notifications] AndroidManifest.xml:19:13-37
232        <receiver
232-->[:flutter_local_notifications] AndroidManifest.xml:20:9-29:20
233            android:name="com.dexterous.flutterlocalnotifications.ScheduledNotificationBootReceiver"
233-->[:flutter_local_notifications] AndroidManifest.xml:21:13-101
234            android:exported="false" >
234-->[:flutter_local_notifications] AndroidManifest.xml:22:13-37
235            <intent-filter>
235-->[:flutter_local_notifications] AndroidManifest.xml:23:13-28:29
236                <action android:name="android.intent.action.BOOT_COMPLETED" />
236-->[:flutter_local_notifications] AndroidManifest.xml:24:17-79
236-->[:flutter_local_notifications] AndroidManifest.xml:24:25-76
237                <action android:name="android.intent.action.MY_PACKAGE_REPLACED" />
237-->[:flutter_local_notifications] AndroidManifest.xml:25:17-84
237-->[:flutter_local_notifications] AndroidManifest.xml:25:25-81
238                <action android:name="android.intent.action.QUICKBOOT_POWERON" />
238-->[:flutter_local_notifications] AndroidManifest.xml:26:17-82
238-->[:flutter_local_notifications] AndroidManifest.xml:26:25-79
239                <action android:name="com.htc.intent.action.QUICKBOOT_POWERON" />
239-->[:flutter_local_notifications] AndroidManifest.xml:27:17-82
239-->[:flutter_local_notifications] AndroidManifest.xml:27:25-79
240            </intent-filter>
241        </receiver>
242
243        <activity
243-->[:url_launcher_android] AndroidManifest.xml:8:9-11:74
244            android:name="io.flutter.plugins.urllauncher.WebViewActivity"
244-->[:url_launcher_android] AndroidManifest.xml:9:13-74
245            android:exported="false"
245-->[:url_launcher_android] AndroidManifest.xml:10:13-37
246            android:theme="@android:style/Theme.NoTitleBar.Fullscreen" />
246-->[:url_launcher_android] AndroidManifest.xml:11:13-71
247
248        <provider
248-->[:open_file] AndroidManifest.xml:12:9-21:20
249            android:name="com.crazecoder.openfile.FileProvider"
249-->[:open_file] AndroidManifest.xml:13:13-64
250            android:authorities="vn.onlineoffice.www.oomessenger.fileProvider.com.crazecoder.openfile"
250-->[:open_file] AndroidManifest.xml:14:13-88
251            android:exported="false"
251-->[:open_file] AndroidManifest.xml:15:13-37
252            android:grantUriPermissions="true" >
252-->[:open_file] AndroidManifest.xml:16:13-47
253            <meta-data
253-->src\main\AndroidManifest.xml:100:13-103:52
254                android:name="android.support.FILE_PROVIDER_PATHS"
254-->src\main\AndroidManifest.xml:101:17-67
255                android:resource="@xml/filepaths" />
255-->src\main\AndroidManifest.xml:102:17-51
256        </provider>
257        <provider
257-->[com.sangcomz:FishBun:0.11.2] AndroidManifest.xml:12:9-20:20
258            android:name="com.sangcomz.fishbun.FishBunFileProvider"
258-->[com.sangcomz:FishBun:0.11.2] AndroidManifest.xml:13:13-68
259            android:authorities="vn.onlineoffice.www.oomessenger.fishbunfileprovider"
259-->[com.sangcomz:FishBun:0.11.2] AndroidManifest.xml:14:13-71
260            android:exported="false"
260-->[com.sangcomz:FishBun:0.11.2] AndroidManifest.xml:15:13-37
261            android:grantUriPermissions="true" >
261-->[com.sangcomz:FishBun:0.11.2] AndroidManifest.xml:16:13-47
262            <meta-data
262-->src\main\AndroidManifest.xml:100:13-103:52
263                android:name="android.support.FILE_PROVIDER_PATHS"
263-->src\main\AndroidManifest.xml:101:17-67
264                android:resource="@xml/provider_paths" />
264-->src\main\AndroidManifest.xml:102:17-51
265        </provider>
266
267        <activity
267-->[com.sangcomz:FishBun:0.11.2] AndroidManifest.xml:22:9-25:51
268            android:name="com.sangcomz.fishbun.ui.album.AlbumActivity"
268-->[com.sangcomz:FishBun:0.11.2] AndroidManifest.xml:23:13-71
269            android:label="@string/album"
269-->[com.sangcomz:FishBun:0.11.2] AndroidManifest.xml:24:13-42
270            android:theme="@style/FishBunTheme" />
270-->[com.sangcomz:FishBun:0.11.2] AndroidManifest.xml:25:13-48
271        <activity
271-->[com.sangcomz:FishBun:0.11.2] AndroidManifest.xml:26:9-28:51
272            android:name="com.sangcomz.fishbun.ui.picker.PickerActivity"
272-->[com.sangcomz:FishBun:0.11.2] AndroidManifest.xml:27:13-73
273            android:theme="@style/FishBunTheme" />
273-->[com.sangcomz:FishBun:0.11.2] AndroidManifest.xml:28:13-48
274        <activity
274-->[com.sangcomz:FishBun:0.11.2] AndroidManifest.xml:29:9-31:54
275            android:name="com.sangcomz.fishbun.ui.detail.DetailActivity"
275-->[com.sangcomz:FishBun:0.11.2] AndroidManifest.xml:30:13-73
276            android:theme="@style/DetailViewTheme" />
276-->[com.sangcomz:FishBun:0.11.2] AndroidManifest.xml:31:13-51
277
278        <receiver
278-->[com.google.firebase:firebase-messaging:23.1.0] AndroidManifest.xml:31:9-38:20
279            android:name="com.google.firebase.iid.FirebaseInstanceIdReceiver"
279-->[com.google.firebase:firebase-messaging:23.1.0] AndroidManifest.xml:32:13-78
280            android:exported="true"
280-->[com.google.firebase:firebase-messaging:23.1.0] AndroidManifest.xml:33:13-36
281            android:permission="com.google.android.c2dm.permission.SEND" >
281-->[com.google.firebase:firebase-messaging:23.1.0] AndroidManifest.xml:34:13-73
282            <intent-filter>
282-->[:firebase_messaging] AndroidManifest.xml:30:13-32:29
283                <action android:name="com.google.android.c2dm.intent.RECEIVE" />
283-->[:firebase_messaging] AndroidManifest.xml:31:17-81
283-->[:firebase_messaging] AndroidManifest.xml:31:25-78
284            </intent-filter>
285        </receiver>
286        <!--
287             FirebaseMessagingService performs security checks at runtime,
288             but set to not exported to explicitly avoid allowing another app to call it.
289        -->
290        <service
290-->[com.google.firebase:firebase-messaging:23.1.0] AndroidManifest.xml:44:9-51:19
291            android:name="com.google.firebase.messaging.FirebaseMessagingService"
291-->[com.google.firebase:firebase-messaging:23.1.0] AndroidManifest.xml:45:13-82
292            android:directBootAware="true"
292-->[com.google.firebase:firebase-messaging:23.1.0] AndroidManifest.xml:46:13-43
293            android:exported="false" >
293-->[com.google.firebase:firebase-messaging:23.1.0] AndroidManifest.xml:47:13-37
294            <intent-filter android:priority="-500" >
294-->[:firebase_messaging] AndroidManifest.xml:21:13-23:29
295                <action android:name="com.google.firebase.MESSAGING_EVENT" />
295-->[:firebase_messaging] AndroidManifest.xml:22:17-78
295-->[:firebase_messaging] AndroidManifest.xml:22:25-75
296            </intent-filter>
297        </service>
298
299        <provider
299-->[com.google.firebase:firebase-common:20.2.0] AndroidManifest.xml:25:9-30:39